<?xml version="1.0" encoding="UTF-8"?>
<!-- Generated by org.testng.reporters.JUnitReportReporter -->
<testsuite skipped="2" hostname="NAGAs-MacBook-Pro.local" name="com.zest.tests.HomePageTest" tests="2" failures="0" timestamp="10 Nov 2018 13:59:55 GMT" time="0.000" errors="0">
  <testcase name="login" time="0.000" classname="com.zest.tests.HomePageTest">
    <skipped/>
  </testcase> <!-- login -->
  <testcase name="checkLoggedInUser" time="0.000" classname="com.zest.tests.HomePageTest">
    <skipped/>
  </testcase> <!-- checkLoggedInUser -->
</testsuite> <!-- com.zest.tests.HomePageTest -->
